0 info it worked if it ends with ok
1 verbose cli [ '/usr/local/Cellar/node/7.7.1_1/bin/node',
1 verbose cli   '/usr/local/bin/npm',
1 verbose cli   'run',
1 verbose cli   'webpack' ]
2 info using npm@4.1.2
3 info using node@v7.7.1
4 verbose run-script [ 'prewebpack', 'webpack', 'postwebpack' ]
5 info lifecycle Markdup@0.1.0~prewebpack: Markdup@0.1.0
6 silly lifecycle Markdup@0.1.0~prewebpack: no script for prewebpack, continuing
7 info lifecycle Markdup@0.1.0~webpack: Markdup@0.1.0
8 verbose lifecycle Markdup@0.1.0~webpack: unsafe-perm in lifecycle true
9 verbose lifecycle Markdup@0.1.0~webpack: PATH: /usr/local/lib/node_modules/npm/bin/node-gyp-bin:/Users/wcj3/Dev/Markdup/node_modules/.bin:/Users/wcj3/Dev/Markdup/node_modules/.bin:/Users/wcj3/.config/yarn/link/node_modules/.bin:/Users/wcj3/Dev/Markdup/node_modules/.bin:/Users/wcj3/.config/yarn/link/node_modules/.bin:/usr/local/Cellar/yarn/0.21.3/libexec/lib/node_modules/yarn/bin/node-gyp-bin:/usr/local/bin:/usr/local/lib/python3.5/site-packages:/usr/local/sbin:/Users/wcj3/bin:/Users/wcj3/Downloads:/usr/local/bin:/usr/bin:/bin:/usr/sbin:/sbin:/usr/local/Cellar/node/7.7.1_1/bin
10 verbose lifecycle Markdup@0.1.0~webpack: CWD: /Users/wcj3/Dev/Markdup
11 silly lifecycle Markdup@0.1.0~webpack: Args: [ '-c', 'webpack --config webpack.config.babel.js --watch' ]
12 silly lifecycle Markdup@0.1.0~webpack: Returned: code: 1  signal: null
13 info lifecycle Markdup@0.1.0~webpack: Failed to exec webpack script
14 verbose stack Error: Markdup@0.1.0 webpack: `webpack --config webpack.config.babel.js --watch`
14 verbose stack Exit status 1
14 verbose stack     at EventEmitter.<anonymous> (/usr/local/lib/node_modules/npm/lib/utils/lifecycle.js:279:16)
14 verbose stack     at emitTwo (events.js:106:13)
14 verbose stack     at EventEmitter.emit (events.js:194:7)
14 verbose stack     at ChildProcess.<anonymous> (/usr/local/lib/node_modules/npm/lib/utils/spawn.js:40:14)
14 verbose stack     at emitTwo (events.js:106:13)
14 verbose stack     at ChildProcess.emit (events.js:194:7)
14 verbose stack     at maybeClose (internal/child_process.js:899:16)
14 verbose stack     at Process.ChildProcess._handle.onexit (internal/child_process.js:226:5)
15 verbose pkgid Markdup@0.1.0
16 verbose cwd /Users/wcj3/Dev/Markdup
17 error Darwin 16.4.0
18 error argv "/usr/local/Cellar/node/7.7.1_1/bin/node" "/usr/local/bin/npm" "run" "webpack"
19 error node v7.7.1
20 error npm  v4.1.2
21 error code ELIFECYCLE
22 error Markdup@0.1.0 webpack: `webpack --config webpack.config.babel.js --watch`
22 error Exit status 1
23 error Failed at the Markdup@0.1.0 webpack script 'webpack --config webpack.config.babel.js --watch'.
23 error Make sure you have the latest version of node.js and npm installed.
23 error If you do, this is most likely a problem with the Markdup package,
23 error not with npm itself.
23 error Tell the author that this fails on your system:
23 error     webpack --config webpack.config.babel.js --watch
23 error You can get information on how to open an issue for this project with:
23 error     npm bugs Markdup
23 error Or if that isn't available, you can get their info via:
23 error     npm owner ls Markdup
23 error There is likely additional logging output above.
24 verbose exit [ 1, true ]
